[debug] [2022-11-10T10:06:53.840Z] ----------------------------------------------------------------------
[debug] [2022-11-10T10:06:53.841Z] Command:       /usr/local/bin/node /usr/local/bin/firebase login:ci --no-localhost
[debug] [2022-11-10T10:06:53.841Z] CLI Version:   11.16.0
[debug] [2022-11-10T10:06:53.841Z] Platform:      darwin
[debug] [2022-11-10T10:06:53.841Z] Node Version:  v18.12.1
[debug] [2022-11-10T10:06:53.842Z] Time:          Thu Nov 10 2022 12:06:53 GMT+0200 (Eastern European Standard Time)
[debug] [2022-11-10T10:06:53.842Z] ----------------------------------------------------------------------
[debug] 
[warn] ⚠  Authenticating with a `login:ci` token is deprecated and will be removed in a future major version of `firebase-tools`. Instead, use a service account key with `GOOGLE_APPLICATION_CREDENTIALS`: https://cloud.google.com/docs/authentication/getting-started 
[debug] [2022-11-10T10:06:53.870Z] >>> [apiv2][query] POST https://auth.firebase.tools/attest [none]
[debug] [2022-11-10T10:06:53.870Z] >>> [apiv2][body] POST https://auth.firebase.tools/attest {"session_id":"5839e394-bafe-468b-b9ba-2b8bfc5c1f8d"}
[debug] [2022-11-10T10:06:54.357Z] <<< [apiv2][status] POST https://auth.firebase.tools/attest 200
[debug] [2022-11-10T10:06:54.358Z] <<< [apiv2][body] POST https://auth.firebase.tools/attest {"token":"pBhrYilvp6ODUAD9w0rFCEZNM3Wp8syGqKssP3Mao2k"}
[info] 
[info] To sign in to the Firebase CLI:
[info] 
[info] 1. Take note of your session ID:
[info] 
[info]    5839E
[info] 
[info] 2. Visit the URL below on any device and follow the instructions to get your code:
[info] 
[info]    https://auth.firebase.tools/login?code_challenge=b6dEHu3MrOofsCa-UZcLYiVRctnDAQEgg1m-GhTwCPo&session=5839e394-bafe-468b-b9ba-2b8bfc5c1f8d&attest=pBhrYilvp6ODUAD9w0rFCEZNM3Wp8syGqKssP3Mao2k
[info] 
[info] 3. Paste or enter the authorization code below once you have it:
[info] 
